============================= test session starts =============================
platform win32 -- Python 3.14.3, pytest-9.0.2, pluggy-1.6.0 -- C:\Python314\python.exe
cachedir: .pytest_cache
rootdir: D:\Workfllow\backend
plugins: anyio-4.12.1
collecting ... collected 3 items

tests/test_context_aware_engine.py::TestContextAwareEngine::test_category_threshold_and_savings_rate PASSED [ 33%]
tests/test_context_aware_engine.py::TestContextAwareEngine::test_default_fallback_and_concentration PASSED [ 66%]
tests/test_context_aware_engine.py::TestContextAwareEngine::test_high_risk_scoring_actual PASSED [100%]

============================== warnings summary ===============================
tests/test_context_aware_engine.py::TestContextAwareEngine::test_category_threshold_and_savings_rate
tests/test_context_aware_engine.py::TestContextAwareEngine::test_category_threshold_and_savings_rate
tests/test_context_aware_engine.py::TestContextAwareEngine::test_default_fallback_and_concentration
tests/test_context_aware_engine.py::TestContextAwareEngine::test_default_fallback_and_concentration
tests/test_context_aware_engine.py::TestContextAwareEngine::test_high_risk_scoring_actual
tests/test_context_aware_engine.py::TestContextAwareEngine::test_high_risk_scoring_actual
  C:\Users\faaz\AppData\Roaming\Python\Python314\site-packages\pydantic\main.py:250: DeprecationWarning: datetime.datetime.utcnow() is deprecated and scheduled for removal in a future version. Use timezone-aware objects to represent datetimes in UTC: datetime.datetime.now(datetime.UTC).
    validated_self = self.__pydantic_validator__.validate_python(data, self_instance=self)

-- Docs: https://docs.pytest.org/en/stable/how-to/capture-warnings.html
======================== 3 passed, 6 warnings in 0.19s ========================
